  Reading Qt configuration (D:/Qt/Qt5.14.2/5.14.2/msvc2017/bin/qmake)
  uic QRCodeDemo.ui
  rcc QRCodeDemo.qrc
  moc QRCodeDemo.h
   RCC: Warning: No resources in 'D:\work\test\qt\QRCodeDemo\QRCodeDemo\QRCodeDemo.qrc'.
  bitstream.c
  mask.c
  mmask.c
  mqrspec.c
  qrencode.c
  qrinput.c
  qrspec.c
  rscode.c
  rsecc.c
  split.c
D:\work\test\qt\QRCodeDemo\QRCodeDemo\qren\split.c(45,1): warning C4273: “strdup”: dll 链接不一致
C:\Program Files (x86)\Windows Kits\10\Include\10.0.18362.0\ucrt\string.h(536,28): message : 参见“strdup”的前一个定义 (编译源文件 qren\split.c)
D:\work\test\qt\QRCodeDemo\QRCodeDemo\qren\qrencode.c(932,16): warning C4047: “return”:“char *”与“int”的间接级别不同
  QRCodeDemo.cpp
  main.cpp
  qrc_QRCodeDemo.cpp
  moc_QRCodeDemo.cpp
    正在创建库 C:\Users\Administrator\source\repos\uwp\Debug\QRCodeDemo.lib 和对象 C:\Users\Administrator\source\repos\uwp\Debug\QRCodeDemo.exp
MSVCRTD.lib(initializers.obj) : warning LNK4098: 默认库“msvcrt.lib”与其他库的使用冲突；请使用 /NODEFAULTLIB:library
qtmain.lib(qtmain_win.obj) : warning LNK4099: 未找到 PDB“”(使用“qtmain.lib(qtmain_win.obj)”或在“”中寻找)；正在链接对象，如同没有调试信息一样
  QRCodeDemo.vcxproj -> C:\Users\Administrator\source\repos\uwp\Debug\QRCodeDemo.exe
